\BOOKMARK [1][-]{section.1}{Name}{}% 1
\BOOKMARK [1][-]{section.2}{Purpose and Incorporation}{}% 2
\BOOKMARK [2][-]{subsection.2.1}{Mission}{section.2}% 3
\BOOKMARK [2][-]{subsection.2.2}{Nature and Purpose}{section.2}% 4
\BOOKMARK [2][-]{subsection.2.3}{Incorporation}{section.2}% 5
\BOOKMARK [1][-]{section.3}{Membership}{}% 6
\BOOKMARK [2][-]{subsection.3.1}{Membership Classes}{section.3}% 7
\BOOKMARK [3][-]{subsubsection.3.1.1}{Individual Adult Memberships}{subsection.3.1}% 8
\BOOKMARK [3][-]{subsubsection.3.1.2}{Individual Youth Memberships}{subsection.3.1}% 9
\BOOKMARK [3][-]{subsubsection.3.1.3}{Family Memberships}{subsection.3.1}% 10
\BOOKMARK [3][-]{subsubsection.3.1.4}{Lifetime Memberships}{subsection.3.1}% 11
\BOOKMARK [2][-]{subsection.3.2}{Establishing and Maintaining Membership}{section.3}% 12
\BOOKMARK [3][-]{subsubsection.3.2.1}{Membership Eligibility}{subsection.3.2}% 13
\BOOKMARK [3][-]{subsubsection.3.2.2}{Good Standing}{subsection.3.2}% 14
\BOOKMARK [3][-]{subsubsection.3.2.3}{Dues}{subsection.3.2}% 15
\BOOKMARK [3][-]{subsubsection.3.2.4}{Membership Term}{subsection.3.2}% 16
\BOOKMARK [2][-]{subsection.3.3}{Member Rights and Responsibilities}{section.3}% 17
\BOOKMARK [3][-]{subsubsection.3.3.1}{Member Conduct}{subsection.3.3}% 18
\BOOKMARK [3][-]{subsubsection.3.3.2}{Member Rights}{subsection.3.3}% 19
\BOOKMARK [2][-]{subsection.3.4}{Voting Members}{section.3}% 20
\BOOKMARK [3][-]{subsubsection.3.4.1}{Registering to Vote}{subsection.3.4}% 21
\BOOKMARK [3][-]{subsubsection.3.4.2}{Communication with Non-voting Members}{subsection.3.4}% 22
\BOOKMARK [2][-]{subsection.3.5}{Termination of Membership}{section.3}% 23
\BOOKMARK [3][-]{subsubsection.3.5.1}{Membership Voluntary Termination}{subsection.3.5}% 24
\BOOKMARK [3][-]{subsubsection.3.5.2}{Membership Automatic Termination}{subsection.3.5}% 25
\BOOKMARK [3][-]{subsubsection.3.5.3}{Membership Involuntary Termination}{subsection.3.5}% 26
\BOOKMARK [3][-]{subsubsection.3.5.4}{Family Membership Termination}{subsection.3.5}% 27
\BOOKMARK [3][-]{subsubsection.3.5.5}{Terminated Membership Dues}{subsection.3.5}% 28
\BOOKMARK [3][-]{subsubsection.3.5.6}{Club and Member property}{subsection.3.5}% 29
\BOOKMARK [3][-]{subsubsection.3.5.7}{Reinstatement}{subsection.3.5}% 30
\BOOKMARK [2][-]{subsection.3.6}{Grandfathering of Current Members}{section.3}% 31
\BOOKMARK [1][-]{section.4}{Communication}{}% 32
\BOOKMARK [2][-]{subsection.4.1}{Types of Communication}{section.4}% 33
\BOOKMARK [3][-]{subsubsection.4.1.1}{Electronic communication}{subsection.4.1}% 34
\BOOKMARK [3][-]{subsubsection.4.1.2}{Alternative communication channels}{subsection.4.1}% 35
\BOOKMARK [2][-]{subsection.4.2}{Notice}{section.4}% 36
\BOOKMARK [1][-]{section.5}{Officers and Member Votes}{}% 37
\BOOKMARK [2][-]{subsection.5.1}{Executive Committee}{section.5}% 38
\BOOKMARK [3][-]{subsubsection.5.1.1}{Officers}{subsection.5.1}% 39
\BOOKMARK [3][-]{subsubsection.5.1.2}{Term of Office and Eligibility}{subsection.5.1}% 40
\BOOKMARK [3][-]{subsubsection.5.1.3}{Responsibilities of the Executive Committee}{subsection.5.1}% 41
\BOOKMARK [3][-]{subsubsection.5.1.4}{Votes of the Executive Committee}{subsection.5.1}% 42
\BOOKMARK [2][-]{subsection.5.2}{Officer Nomination and Voting Process}{section.5}% 43
\BOOKMARK [3][-]{subsubsection.5.2.1}{Officer Nomination Eligibility and Process}{subsection.5.2}% 44
\BOOKMARK [2][-]{subsection.5.3}{Voting: Timing, Process, Rights and Ballots}{section.5}% 45
\BOOKMARK [3][-]{subsubsection.5.3.1}{Quorum}{subsection.5.3}% 46
\BOOKMARK [3][-]{subsubsection.5.3.2}{Votes Required}{subsection.5.3}% 47
\BOOKMARK [3][-]{subsubsection.5.3.3}{Assumption of Offices}{subsection.5.3}% 48
\BOOKMARK [2][-]{subsection.5.4}{Duties of Officers}{section.5}% 49
\BOOKMARK [3][-]{subsubsection.5.4.1}{Duties of the President}{subsection.5.4}% 50
\BOOKMARK [3][-]{subsubsection.5.4.2}{Duties of the Vice President}{subsection.5.4}% 51
\BOOKMARK [3][-]{subsubsection.5.4.3}{Duties of the Treasurer}{subsection.5.4}% 52
\BOOKMARK [3][-]{subsubsection.5.4.4}{Duties of the Secretary}{subsection.5.4}% 53
\BOOKMARK [3][-]{subsubsection.5.4.5}{Duties of the Quartermaster}{subsection.5.4}% 54
\BOOKMARK [3][-]{subsubsection.5.4.6}{Officer Conflict of Interest \(COI\)}{subsection.5.4}% 55
\BOOKMARK [2][-]{subsection.5.5}{Removal from Office}{section.5}% 56
\BOOKMARK [3][-]{subsubsection.5.5.1}{Voluntary Resignation}{subsection.5.5}% 57
\BOOKMARK [3][-]{subsubsection.5.5.2}{Violation of Law or Statue}{subsection.5.5}% 58
\BOOKMARK [3][-]{subsubsection.5.5.3}{Involuntary Removal}{subsection.5.5}% 59
\BOOKMARK [2][-]{subsection.5.6}{Vacancies and Succession}{section.5}% 60
\BOOKMARK [1][-]{section.6}{Appointed Officers}{}% 61
\BOOKMARK [2][-]{subsection.6.1}{Appointment of Officers and Committees}{section.6}% 62
\BOOKMARK [3][-]{subsubsection.6.1.1}{Election Judge}{subsection.6.1}% 63
\BOOKMARK [1][-]{section.7}{Meetings of the Membership}{}% 64
\BOOKMARK [2][-]{subsection.7.1}{Annual Meeting}{section.7}% 65
\BOOKMARK [2][-]{subsection.7.2}{Additional Meetings and Exhibits}{section.7}% 66
\BOOKMARK [2][-]{subsection.7.3}{Attendance by Members}{section.7}% 67
\BOOKMARK [1][-]{section.8}{Funds and Property}{}% 68
\BOOKMARK [2][-]{subsection.8.1}{Club Funds and Usage}{section.8}% 69
\BOOKMARK [2][-]{subsection.8.2}{Club Dues and Fees}{section.8}% 70
\BOOKMARK [2][-]{subsection.8.3}{Club Property}{section.8}% 71
\BOOKMARK [3][-]{subsubsection.8.3.1}{Property Inventory}{subsection.8.3}% 72
\BOOKMARK [3][-]{subsubsection.8.3.2}{Donated or Loaned Property and Review}{subsection.8.3}% 73
\BOOKMARK [3][-]{subsubsection.8.3.3}{Property Disposal}{subsection.8.3}% 74
\BOOKMARK [2][-]{subsection.8.4}{Budget}{section.8}% 75
\BOOKMARK [1][-]{section.9}{Special Interest Groups \(SIGs\)}{}% 76
\BOOKMARK [2][-]{subsection.9.1}{SIG Creation}{section.9}% 77
\BOOKMARK [2][-]{subsection.9.2}{Ongoing Operations}{section.9}% 78
\BOOKMARK [2][-]{subsection.9.3}{SIG Dissolution}{section.9}% 79
\BOOKMARK [2][-]{subsection.9.4}{Initial Club SIGs}{section.9}% 80
\BOOKMARK [3][-]{subsubsection.9.4.1}{Bay Area LEGO Train Club}{subsection.9.4}% 81
\BOOKMARK [1][-]{section.10}{Initial Acceptance of the Bylaws and Officers}{}% 82
\BOOKMARK [1][-]{section.11}{Amendment of the Bylaws}{}% 83
\BOOKMARK [2][-]{subsection.11.1}{Bylaws Changes Initiated by Petition}{section.11}% 84
\BOOKMARK [2][-]{subsection.11.2}{Bylaws Changes Initiated by the Executive Committee}{section.11}% 85
\BOOKMARK [2][-]{subsection.11.3}{Amendment of the process of Amendment of Bylaws}{section.11}% 86
\BOOKMARK [1][-]{section.12}{Dissolution}{}% 87
\BOOKMARK [2][-]{subsection.12.1}{Dissolution by Resolution}{section.12}% 88
\BOOKMARK [2][-]{subsection.12.2}{Disposition of Assets}{section.12}% 89
